<?xml version="1.0" encoding="utf-8" standalone="no"?>
<!--This file represents the results of running a test suite-->
<test-results name="../../build/NHibernate.Validator-1.2.0.GA/bin/net-3.5/NHibernate.Validator.Specific.Tests.dll" total="24" errors="0" failures="0" not-run="0" ignored="0" skipped="0" invalid="0" date="2010-09-03" time="21:33:40">
  <environment nunit-version="2.5.0.9122" clr-version="2.0.50727.4200" os-version="Microsoft Windows NT 6.0.6002 Service Pack 2" platform="Win32NT" cwd="C:\src\nhv\src\NHibernate.Validator\src\NHibernate.Validator.Specific.Tests" machine-name="SERVER02" user="darioquintana" user-domain="DOMINIO01" />
  <culture-info current-culture="es-AR" current-uiculture="en-US" />
  <test-suite name="../../build/NHibernate.Validator-1.2.0.GA/bin/net-3.5/NHibernate.Validator.Specific.Tests.dll" executed="True" success="True" time="0.895" asserts="0">
    <results>
      <test-suite name="NHibernate" executed="True" success="True" time="0.887" asserts="0">
        <results>
          <test-suite name="Validator" executed="True" success="True" time="0.882" asserts="0">
            <results>
              <test-suite name="Specific" executed="True" success="True" time="0.877" asserts="0">
                <results>
                  <test-suite name="Tests" executed="True" success="True" time="0.872" asserts="0">
                    <results>
                      <test-suite name="Ar" executed="True" success="True" time="0.663" asserts="0">
                        <results>
                          <test-suite name="CUITFixture" executed="True" success="True" time="0.660" asserts="0">
                            <results>
                              <test-case name="NHibernate.Validator.Specific.Tests.Ar.CUITFixture.IsValid" executed="True" success="True" time="0.143" asserts="11" />
                              <test-case name="NHibernate.Validator.Specific.Tests.Ar.CUITFixture.ValidatorAttribute" executed="True" success="True" time="0.502" asserts="0" />
                            </results>
                          </test-suite>
                        </results>
                      </test-suite>
                      <test-suite name="Br" executed="True" success="True" time="0.017" asserts="0">
                        <results>
                          <test-suite name="CEPFixture" executed="True" success="True" time="0.008" asserts="0">
                            <results>
                              <test-case name="NHibernate.Validator.Specific.Tests.Br.CEPFixture.IsValid" executed="True" success="True" time="0.006" asserts="10" />
                              <test-case name="NHibernate.Validator.Specific.Tests.Br.CEPFixture.ValidatorAttribute" executed="True" success="True" time="0.002" asserts="0" />
                            </results>
                          </test-suite>
                          <test-suite name="CPFFixture" executed="True" success="True" time="0.008" asserts="0">
                            <results>
                              <test-case name="NHibernate.Validator.Specific.Tests.Br.CPFFixture.IsValid" executed="True" success="True" time="0.004" asserts="11" />
                              <test-case name="NHibernate.Validator.Specific.Tests.Br.CPFFixture.ValidatorAttribute" executed="True" success="True" time="0.001" asserts="0" />
                            </results>
                          </test-suite>
                        </results>
                      </test-suite>
                      <test-suite name="Hr" executed="True" success="True" time="0.011" asserts="0">
                        <results>
                          <test-suite name="OIBFixture" executed="True" success="True" time="0.010" asserts="0">
                            <results>
                              <test-case name="NHibernate.Validator.Specific.Tests.Hr.OIBFixture.IsValid" executed="True" success="True" time="0.008" asserts="4" />
                              <test-case name="NHibernate.Validator.Specific.Tests.Hr.OIBFixture.ValidatorAttribute" executed="True" success="True" time="0.002" asserts="0" />
                            </results>
                          </test-suite>
                        </results>
                      </test-suite>
                      <test-suite name="It" executed="True" success="True" time="0.062" asserts="0">
                        <results>
                          <test-suite name="CodFiscaleFixture" executed="True" success="True" time="0.005" asserts="0">
                            <results>
                              <test-case name="NHibernate.Validator.Specific.Tests.It.CodFiscaleFixture.IsValid" executed="True" success="True" time="0.002" asserts="15" />
                              <test-case name="NHibernate.Validator.Specific.Tests.It.CodFiscaleFixture.ValidatorAttribute" executed="True" success="True" time="0.001" asserts="0" />
                            </results>
                          </test-suite>
                          <test-suite name="LoquaciousFixture" executed="True" success="True" time="0.049" asserts="0">
                            <results>
                              <test-case name="NHibernate.Validator.Specific.Tests.It.LoquaciousFixture.ShouldWorkCodiceFiscaleExtensions" executed="True" success="True" time="0.039" asserts="3" />
                              <test-case name="NHibernate.Validator.Specific.Tests.It.LoquaciousFixture.ShouldWorkPartitaIvaExtensions" executed="True" success="True" time="0.009" asserts="5" />
                            </results>
                          </test-suite>
                          <test-suite name="PartitaIVAFixture" executed="True" success="True" time="0.005" asserts="0">
                            <results>
                              <test-case name="NHibernate.Validator.Specific.Tests.It.PartitaIVAFixture.IsValid" executed="True" success="True" time="0.003" asserts="21" />
                              <test-case name="NHibernate.Validator.Specific.Tests.It.PartitaIVAFixture.ValidatorAttribute" executed="True" success="True" time="0.002" asserts="0" />
                            </results>
                          </test-suite>
                        </results>
                      </test-suite>
                      <test-suite name="Pl" executed="True" success="True" time="0.106" asserts="0">
                        <results>
                          <test-suite name="NIPFixture" executed="True" success="True" time="0.040" asserts="0">
                            <results>
                              <test-case name="NHibernate.Validator.Specific.Tests.Pl.NIPFixture.IsValid" executed="True" success="True" time="0.018" asserts="8" />
                              <test-case name="NHibernate.Validator.Specific.Tests.Pl.NIPFixture.ValidatorAttribute" executed="True" success="True" time="0.021" asserts="0" />
                            </results>
                          </test-suite>
                          <test-suite name="PESELFixture" executed="True" success="True" time="0.018" asserts="0">
                            <results>
                              <test-case name="NHibernate.Validator.Specific.Tests.Pl.PESELFixture.IsValid" executed="True" success="True" time="0.007" asserts="7" />
                              <test-case name="NHibernate.Validator.Specific.Tests.Pl.PESELFixture.ValidatorAttribute" executed="True" success="True" time="0.010" asserts="0" />
                            </results>
                          </test-suite>
                          <test-suite name="PostalCodeFixture" executed="True" success="True" time="0.021" asserts="0">
                            <results>
                              <test-case name="NHibernate.Validator.Specific.Tests.Pl.PostalCodeFixture.IsValid" executed="True" success="True" time="0.008" asserts="7" />
                              <test-case name="NHibernate.Validator.Specific.Tests.Pl.PostalCodeFixture.ValidatorAttribute" executed="True" success="True" time="0.012" asserts="0" />
                            </results>
                          </test-suite>
                          <test-suite name="REGONFixture" executed="True" success="True" time="0.023" asserts="0">
                            <results>
                              <test-case name="NHibernate.Validator.Specific.Tests.Pl.REGONFixture.IsValid" executed="True" success="True" time="0.009" asserts="7" />
                              <test-case name="NHibernate.Validator.Specific.Tests.Pl.REGONFixture.ValidatorAttribute" executed="True" success="True" time="0.013" asserts="0" />
                            </results>
                          </test-suite>
                        </results>
                      </test-suite>
                      <test-suite name="Uy" executed="True" success="True" time="0.006" asserts="0">
                        <results>
                          <test-suite name="CedulaIdentidadFixture" executed="True" success="True" time="0.005" asserts="0">
                            <results>
                              <test-case name="NHibernate.Validator.Specific.Tests.Uy.CedulaIdentidadFixture.IsValid" executed="True" success="True" time="0.001" asserts="9" />
                              <test-case name="NHibernate.Validator.Specific.Tests.Uy.CedulaIdentidadFixture.ValidatorAttribute" executed="True" success="True" time="0.002" asserts="0" />
                            </results>
                          </test-suite>
                        </results>
                      </test-suite>
                    </results>
                  </test-suite>
                </results>
              </test-suite>
            </results>
          </test-suite>
        </results>
      </test-suite>
    </results>
  </test-suite>
</test-results>